0 info it worked if it ends with ok
1 verbose cli [ '/Users/patrickmcgill/.nvm/versions/node/v0.12.7/bin/node',
1 verbose cli   '/Users/patrickmcgill/.nvm/versions/node/v0.12.7/bin/npm',
1 verbose cli   'run',
1 verbose cli   'build' ]
2 info using npm@2.11.3
3 info using node@v0.12.7
4 verbose run-script [ 'prebuild', 'build', 'postbuild' ]
5 info prebuild jukebot@1.0.0
6 info build jukebot@1.0.0
7 verbose unsafe-perm in lifecycle true
8 info jukebot@1.0.0 Failed to exec build script
9 verbose stack Error: jukebot@1.0.0 build: `NODE_ENV=production webpack -p --config webpack.production.config.js`
9 verbose stack Exit status 1
9 verbose stack     at EventEmitter.<anonymous> (/Users/patrickmcgill/.nvm/versions/node/v0.12.7/lib/node_modules/npm/lib/utils/lifecycle.js:213:16)
9 verbose stack     at EventEmitter.emit (events.js:110:17)
9 verbose stack     at ChildProcess.<anonymous> (/Users/patrickmcgill/.nvm/versions/node/v0.12.7/lib/node_modules/npm/lib/utils/spawn.js:24:14)
9 verbose stack     at ChildProcess.emit (events.js:110:17)
9 verbose stack     at maybeClose (child_process.js:1015:16)
9 verbose stack     at Process.ChildProcess._handle.onexit (child_process.js:1087:5)
10 verbose pkgid jukebot@1.0.0
11 verbose cwd /Users/patrickmcgill/Documents/code/jukebot
12 error Darwin 14.0.0
13 error argv "/Users/patrickmcgill/.nvm/versions/node/v0.12.7/bin/node" "/Users/patrickmcgill/.nvm/versions/node/v0.12.7/bin/npm" "run" "build"
14 error node v0.12.7
15 error npm  v2.11.3
16 error code ELIFECYCLE
17 error jukebot@1.0.0 build: `NODE_ENV=production webpack -p --config webpack.production.config.js`
17 error Exit status 1
18 error Failed at the jukebot@1.0.0 build script 'NODE_ENV=production webpack -p --config webpack.production.config.js'.
18 error This is most likely a problem with the jukebot package,
18 error not with npm itself.
18 error Tell the author that this fails on your system:
18 error     NODE_ENV=production webpack -p --config webpack.production.config.js
18 error You can get their info via:
18 error     npm owner ls jukebot
18 error There is likely additional logging output above.
19 verbose exit [ 1, true ]
